<?xml version="1.0" encoding="UTF-8"?>
<!-- Generated by org.testng.reporters.JUnitReportReporter -->
<testsuite hostname="DESKTOP-82DD7E2" failures="0" tests="1" name="pom_script1.pom_runnerscript" time="18.365" errors="0" timestamp="2023-06-28T10:28:13 IST" skipped="0">
  <testcase classname="pom_script1.pom_runnerscript" name="test1" time="18.365"/>
</testsuite> <!-- pom_script1.pom_runnerscript -->
