<?xml version="1.0" encoding="UTF-8"?>
<!-- Generated by org.testng.reporters.JUnitReportReporter -->
<testsuite hostname="DESKTOP-82DD7E2" failures="0" tests="1" name="parallel_exicutin.Group" time="0.006" errors="0" timestamp="2023-06-24T12:13:31 IST" skipped="0">
  <testcase classname="parallel_exicutin.Group" name="test2" time="0.006"/>
</testsuite> <!-- parallel_exicutin.Group -->
