<?xml version="1.0" encoding="UTF-8"?>
<!-- Generated by org.testng.reporters.JUnitReportReporter -->
<testsuite hostname="DESKTOP-82DD7E2" failures="0" tests="1" name="Testngggg.chai22" time="11.436" errors="0" timestamp="2023-06-23T20:35:29 IST" skipped="0">
  <testcase classname="Testngggg.chai22" name="test3" time="11.436"/>
</testsuite> <!-- Testngggg.chai22 -->
