<?xml version="1.0" encoding="UTF-8"?>
<!-- Generated by org.testng.reporters.JUnitReportReporter -->
<testsuite hostname="DESKTOP-82DD7E2" failures="0" tests="1" name="Testngggg.thursday_153" time="15.786" errors="0" timestamp="2023-06-15T11:19:46 IST" skipped="0">
  <testcase classname="Testngggg.thursday_153" name="test4" time="15.786"/>
</testsuite> <!-- Testngggg.thursday_153 -->
