<?xml version="1.0" encoding="UTF-8"?>
<!-- Generated by org.testng.reporters.JUnitReportReporter -->
<testsuite hostname="DESKTOP-82DD7E2" failures="0" tests="2" name="parallel_exicutin.Chrom_gecko" time="24.722" errors="0" timestamp="2023-06-23T20:31:43 IST" skipped="0">
  <testcase classname="parallel_exicutin.Chrom_gecko" name="exc" time="12.839"/>
  <testcase classname="parallel_exicutin.Chrom_gecko" name="exc" time="11.883"/>
</testsuite> <!-- parallel_exicutin.Chrom_gecko -->
