<?xml version="1.0" encoding="UTF-8"?>
<!-- Generated by org.testng.reporters.JUnitReportReporter -->
<testsuite hostname="DESKTOP-82DD7E2" failures="0" tests="1" name="Rerpt_tool.Extent_rept" time="0.954" errors="0" timestamp="2023-06-28T11:16:04 IST" skipped="0">
  <testcase classname="Rerpt_tool.Extent_rept" name="test1" time="0.954"/>
</testsuite> <!-- Rerpt_tool.Extent_rept -->
