<?xml version="1.0" encoding="UTF-8"?>
<!-- Generated by org.testng.reporters.JUnitReportReporter -->
<testsuite hostname="DESKTOP-82DD7E2" failures="0" tests="1" name="Testngggg.demo22" time="0.009" errors="0" timestamp="2023-06-13T12:25:40 IST" skipped="0">
  <testcase classname="Testngggg.demo22" name="test1" time="0.009">
    <system-out>
      <![CDATA[happy weekend]]>
    </system-out>
  </testcase> <!-- test1 -->
  <system-out>
    <![CDATA[happy weekend]]>
  </system-out>
</testsuite> <!-- Testngggg.demo22 -->
