<?xml version="1.0" encoding="UTF-8"?>
<!-- Generated by org.testng.reporters.JUnitReportReporter -->
<testsuite hostname="DESKTOP-82DD7E2" failures="0" tests="2" name="Testngggg.chai21" time="39.169" errors="0" timestamp="2023-06-13T12:29:34 IST" skipped="0">
  <testcase classname="Testngggg.chai21" name="test1" time="7.020"/>
  <testcase classname="Testngggg.chai21" name="test2" time="32.149"/>
</testsuite> <!-- Testngggg.chai21 -->
